✅ Admin password hashed and ready (password: mkulima)
⚠️ Mongoose disconnected
❌ MongoDB connection failed: getaddrinfo ENOTFOUND mongodb.railway.internal
❌ Mongoose connection error: MongoServerSelectionError: getaddrinfo ENOTFOUND mongodb.railway.internal
    at Topology.selectServer (c:\Users\Administrator\Desktop\Mkulima seedling\node_modules\mongodb\lib\sdam\topology.js:327:38)
    at async Topology._connect (c:\Users\Administrator\Desktop\Mkulima seedling\node_modules\mongodb\lib\sdam\topology.js:200:28)
    at async Topology.connect (c:\Users\Administrator\Desktop\Mkulima seedling\node_modules\mongodb\lib\sdam\topology.js:152:13)
    at async topologyConnect (c:\Users\Administrator\Desktop\Mkulima seedling\node_modules\mongodb\lib\mongo_client.js:264:17)
    at async MongoClient._connect (c:\Users\Administrator\Desktop\Mkulima seedling\node_modules\mongodb\lib\mongo_client.js:277:13)
    at async MongoClient.connect (c:\Users\Administrator\Desktop\Mkulima seedling\node_modules\mongodb\lib\mongo_client.js:202:13)
    at async NativeConnection.createClient (c:\Users\Administrator\Desktop\Mkulima seedling\node_modules\mongoose\lib\drivers\node-mongodb-native\connection.js:351:3)
    at async NativeConnection.openUri (c:\Users\Administrator\Desktop\Mkulima seedling\node_modules\mongoose\lib\connection.js:1098:5)
    at async connectDB (c:\Users\Administrator\Desktop\Mkulima seedling\config\database.js:8:5)
    at async start (c:\Users\Administrator\Desktop\Mkulima seedling\server.js:714:3) {
  errorLabelSet: Set(0) {},
  reason: TopologyDescription {
    type: 'Unknown',
    servers: Map(1) { 'mongodb.railway.internal:27017' => [ServerDescription] },
    stale: false,
    compatible: true,
    heartbeatFrequencyMS: 10000,
    localThresholdMS: 15,
    setName: null,
    maxElectionId: null,
    maxSetVersion: null,
    commonWireVersion: 0,
    logicalSessionTimeoutMinutes: null
  },
  code: undefined,
  [cause]: MongoNetworkError: getaddrinfo ENOTFOUND mongodb.railway.internal
      at Socket.<anonymous> (c:\Users\Administrator\Desktop\Mkulima seedling\node_modules\mongodb\lib\cmap\connect.js:286:44)
      at Object.onceWrapper (node:events:633:26)
      at Socket.emit (node:events:518:28)
      at emitErrorNT (node:internal/streams/destroy:170:8)
      at emitErrorCloseNT (node:internal/streams/destroy:129:3)
      at process.processTicksAndRejections (node:internal/process/task_queues:90:21) {
    errorLabelSet: Set(1) { 'ResetPool' },
    beforeHandshake: false,
    [cause]: Error: getaddrinfo ENOTFOUND mongodb.railway.internal
        at GetAddrInfoReqWrap.onlookupall [as oncomplete] (node:dns:122:26) {
      errno: -3008,
      code: 'ENOTFOUND',
      syscall: 'getaddrinfo',
      hostname: 'mongodb.railway.internal'
    }
  }
}
❌ Database initialization error: Operation `products.countDocuments()` buffering timed out after 10000ms
🚀 Server running on port 3000
📊 Environment: development
